<?xml version="1.0" encoding="UTF-8"?>
<testng-results ignored="0" total="1" passed="1" failed="0" skipped="0">
  <reporter-output>
  </reporter-output>
  <suite started-at="2023-03-14T14:38:02 CDT" name="Default suite" finished-at="2023-03-14T14:38:18 CDT" duration-ms="16737">
    <groups>
    </groups>
    <test started-at="2023-03-14T14:38:02 CDT" name="Default test" finished-at="2023-03-14T14:38:18 CDT" duration-ms="16737">
      <class name="cucumberSalesforceTest.StepDefinitionforLogin">
        <test-method is-config="true" signature="logger()[pri:0, instance:cucumberSalesforceTest.StepDefinitionforLogin@6c80d78a]" started-at="2023-03-14T14:38:02 CDT" name="logger" finished-at="2023-03-14T14:38:04 CDT" duration-ms="2709" status="PASS">
          <reporter-output>
          </reporter-output>
        </test-method> <!-- logger -->
        <test-method signature="setup()[pri:0, instance:cucumberSalesforceTest.StepDefinitionforLogin@6c80d78a]" started-at="2023-03-14T14:38:04 CDT" name="setup" finished-at="2023-03-14T14:38:17 CDT" duration-ms="12899" status="PASS">
          <reporter-output>
          </reporter-output>
        </test-method> <!-- setup -->
        <test-method is-config="true" signature="endtest()[pri:0, instance:cucumberSalesforceTest.StepDefinitionforLogin@6c80d78a]" started-at="2023-03-14T14:38:17 CDT" name="endtest" finished-at="2023-03-14T14:38:18 CDT" duration-ms="1054" status="PASS">
          <reporter-output>
          </reporter-output>
        </test-method> <!-- endtest -->
      </class> <!-- cucumberSalesforceTest.StepDefinitionforLogin -->
    </test> <!-- Default test -->
  </suite> <!-- Default suite -->
</testng-results>
